# JRE version: Java(TM) SE Runtime Environment (23.0.1+11) (build 23.0.1+11-39)
# Java VM: Java HotSpot(TM) 64-Bit Server VM (23.0.1+11-39, mixed mode, sharing, tiered, compressed oops, compressed class ptrs, g1 gc, windows-amd64)
GC Precious Log:
 CardTable entry size: 512
 Card Set container configuration: InlinePtr #cards 5 size 8 Array Of Cards #cards 10 size 36 Howl #buckets 4 coarsen threshold 1843 Howl Bitmap #cards 512 size 80 coarsen threshold 460 Card regions per heap region 1 cards per card region 2048
 CPUs: 8 total, 8 available
 Memory: 8043M
 Large Page Support: Disabled
 NUMA Support: Disabled
 Compressed Oops: Enabled (32-bit)
 Heap Region Size: 1M
 Heap Min Capacity: 8M
 Heap Initial Capacity: 126M
 Heap Max Capacity: 2012M
 Pre-touch: Disabled
 Parallel Workers: 8
 Concurrent Workers: 2
 Concurrent Refinement Workers: 8
 Periodic GC: Disabled
Heap:
 garbage-first heap   total reserved 2060288K, committed 61440K, used 40792K [0x0000000082400000, 0x0000000100000000)
  region size 1024K, 13 young (13312K), 4 survivors (4096K)
 Metaspace       used 69571K, committed 70208K, reserved 1114112K
  class space    used 9957K, committed 10240K, reserved 1048576K
GC Heap History (20 events):
Event: 5.433 GC heap before
{Heap before GC invocations=4 (full 0):
 garbage-first heap   total reserved 2060288K, committed 51200K, used 50498K [0x0000000082400000, 0x0000000100000000)
  region size 1024K, 42 young (43008K), 7 survivors (7168K)
 Metaspace       used 25977K, committed 26368K, reserved 1114112K
  class space    used 3326K, committed 3520K, reserved 1048576K
}
Event: 5.444 GC heap after
{Heap after GC invocations=5 (full 0):
 garbage-first heap   total reserved 2060288K, committed 61440K, used 16957K [0x0000000082400000, 0x0000000100000000)
  region size 1024K, 4 young (4096K), 4 survivors (4096K)
 Metaspace       used 25977K, committed 26368K, reserved 1114112K
  class space    used 3326K, committed 3520K, reserved 1048576K
}
Event: 6.686 GC heap before
{Heap before GC invocations=5 (full 0):
 garbage-first heap   total reserved 2060288K, committed 61440K, used 43581K [0x0000000082400000, 0x0000000100000000)
  region size 1024K, 30 young (30720K), 4 survivors (4096K)
 Metaspace       used 30741K, committed 31296K, reserved 1114112K
  class space    used 3962K, committed 4224K, reserved 1048576K
}
Event: 6.693 GC heap after
{Heap after GC invocations=6 (full 0):
 garbage-first heap   total reserved 2060288K, committed 61440K, used 19454K [0x0000000082400000, 0x0000000100000000)
  region size 1024K, 3 young (3072K), 3 survivors (3072K)
 Metaspace       used 30741K, committed 31296K, reserved 1114112K
  class space    used 3962K, committed 4224K, reserved 1048576K
}
Event: 8.382 GC heap before
{Heap before GC invocations=6 (full 0):
 garbage-first heap   total reserved 2060288K, committed 61440K, used 41982K [0x0000000082400000, 0x0000000100000000)
  region size 1024K, 26 young (26624K), 3 survivors (3072K)
 Metaspace       used 35636K, committed 36096K, reserved 1114112K
  class space    used 4702K, committed 4928K, reserved 1048576K
}
Event: 8.387 GC heap after
{Heap after GC invocations=7 (full 0):
 garbage-first heap   total reserved 2060288K, committed 61440K, used 20947K [0x0000000082400000, 0x0000000100000000)
  region size 1024K, 2 young (2048K), 2 survivors (2048K)
 Metaspace       used 35636K, committed 36096K, reserved 1114112K
  class space    used 4702K, committed 4928K, reserved 1048576K
}
Event: 13.156 GC heap before
{Heap before GC invocations=8 (full 0):
 garbage-first heap   total reserved 2060288K, committed 61440K, used 46547K [0x0000000082400000, 0x0000000100000000)
  region size 1024K, 28 young (28672K), 2 survivors (2048K)
 Metaspace       used 42642K, committed 43264K, reserved 1114112K
  class space    used 5732K, committed 6016K, reserved 1048576K
}
Event: 13.161 GC heap after
{Heap after GC invocations=9 (full 0):
 garbage-first heap   total reserved 2060288K, committed 61440K, used 22449K [0x0000000082400000, 0x0000000100000000)
  region size 1024K, 4 young (4096K), 4 survivors (4096K)
 Metaspace       used 42642K, committed 43264K, reserved 1114112K
  class space    used 5732K, committed 6016K, reserved 1048576K
}
Event: 14.585 GC heap before
{Heap before GC invocations=9 (full 0):
 garbage-first heap   total reserved 2060288K, committed 61440K, used 48049K [0x0000000082400000, 0x0000000100000000)
  region size 1024K, 30 young (30720K), 4 survivors (4096K)
 Metaspace       used 50646K, committed 51264K, reserved 1114112K
  class space    used 6865K, committed 7168K, reserved 1048576K
}
Event: 14.591 GC heap after
{Heap after GC invocations=10 (full 0):
 garbage-first heap   total reserved 2060288K, committed 61440K, used 23824K [0x0000000082400000, 0x0000000100000000)
  region size 1024K, 4 young (4096K), 4 survivors (4096K)
 Metaspace       used 50646K, committed 51264K, reserved 1114112K
  class space    used 6865K, committed 7168K, reserved 1048576K
}
Event: 15.953 GC heap before
{Heap before GC invocations=10 (full 0):
 garbage-first heap   total reserved 2060288K, committed 61440K, used 50448K [0x0000000082400000, 0x0000000100000000)
  region size 1024K, 31 young (31744K), 4 survivors (4096K)
 Metaspace       used 56866K, committed 57472K, reserved 1114112K
  class space    used 7866K, committed 8128K, reserved 1048576K
}
Event: 15.958 GC heap after
{Heap after GC invocations=11 (full 0):
 garbage-first heap   total reserved 2060288K, committed 61440K, used 25744K [0x0000000082400000, 0x0000000100000000)
  region size 1024K, 4 young (4096K), 4 survivors (4096K)
 Metaspace       used 56866K, committed 57472K, reserved 1114112K
  class space    used 7866K, committed 8128K, reserved 1048576K
}
Event: 16.480 GC heap before
{Heap before GC invocations=11 (full 0):
 garbage-first heap   total reserved 2060288K, committed 61440K, used 35984K [0x0000000082400000, 0x0000000100000000)
  region size 1024K, 15 young (15360K), 4 survivors (4096K)
 Metaspace       used 59706K, committed 60288K, reserved 1114112K
  class space    used 8262K, committed 8512K, reserved 1048576K
}
Event: 16.486 GC heap after
{Heap after GC invocations=12 (full 0):
 garbage-first heap   total reserved 2060288K, committed 61440K, used 26811K [0x0000000082400000, 0x0000000100000000)
  region size 1024K, 3 young (3072K), 3 survivors (3072K)
 Metaspace       used 59706K, committed 60288K, reserved 1114112K
  class space    used 8262K, committed 8512K, reserved 1048576K
}
Event: 17.504 GC heap before
{Heap before GC invocations=13 (full 0):
 garbage-first heap   total reserved 2060288K, committed 61440K, used 52411K [0x0000000082400000, 0x0000000100000000)
  region size 1024K, 28 young (28672K), 3 survivors (3072K)
 Metaspace       used 62808K, committed 63360K, reserved 1114112K
  class space    used 8987K, committed 9216K, reserved 1048576K
}
Event: 17.509 GC heap after
{Heap after GC invocations=14 (full 0):
 garbage-first heap   total reserved 2060288K, committed 61440K, used 28901K [0x0000000082400000, 0x0000000100000000)
  region size 1024K, 4 young (4096K), 4 survivors (4096K)
 Metaspace       used 62808K, committed 63360K, reserved 1114112K
  class space    used 8987K, committed 9216K, reserved 1048576K
}
Event: 18.015 GC heap before
{Heap before GC invocations=14 (full 0):
 garbage-first heap   total reserved 2060288K, committed 61440K, used 51429K [0x0000000082400000, 0x0000000100000000)
  region size 1024K, 27 young (27648K), 4 survivors (4096K)
 Metaspace       used 65025K, committed 65664K, reserved 1114112K
  class space    used 9291K, committed 9536K, reserved 1048576K
}
Event: 18.020 GC heap after
{Heap after GC invocations=15 (full 0):
 garbage-first heap   total reserved 2060288K, committed 61440K, used 29545K [0x0000000082400000, 0x0000000100000000)
  region size 1024K, 3 young (3072K), 3 survivors (3072K)
 Metaspace       used 65025K, committed 65664K, reserved 1114112K
  class space    used 9291K, committed 9536K, reserved 1048576K
}
Event: 19.393 GC heap before
{Heap before GC invocations=15 (full 0):
 garbage-first heap   total reserved 2060288K, committed 61440K, used 55145K [0x0000000082400000, 0x0000000100000000)
  region size 1024K, 28 young (28672K), 3 survivors (3072K)
 Metaspace       used 68838K, committed 69568K, reserved 1114112K
  class space    used 9869K, committed 10176K, reserved 1048576K
}
Event: 19.399 GC heap after
{Heap after GC invocations=16 (full 0):
 garbage-first heap   total reserved 2060288K, committed 61440K, used 32600K [0x0000000082400000, 0x0000000100000000)
  region size 1024K, 4 young (4096K), 4 survivors (4096K)
 Metaspace       used 68838K, committed 69568K, reserved 1114112K
  class space    used 9869K, committed 10176K, reserved 1048576K
}

